<?xml version="1.0" encoding="UTF-8"?>
<!-- Generated by org.testng.reporters.JUnitReportReporter -->
<testsuite skipped="0" hostname="Abuls-MBP-2.home" name="com.amazon.qa.testcases.HomePageTest" tests="1" failures="0" timestamp="03 Jul 2020 21:33:52 GMT" time="0.001" errors="0">
  <testcase name="test1" time="0.001" classname="com.amazon.qa.testcases.HomePageTest"/>
</testsuite> <!-- com.amazon.qa.testcases.HomePageTest -->
