<?xml version="1.0" encoding="UTF-8"?>
<!-- Generated by org.testng.reporters.JUnitReportReporter -->
<testsuite skipped="0" hostname="Abuls-MBP-2.home" name="com.amazon.qa.testcases.SearchPageTest" tests="1" failures="0" timestamp="03 Jul 2020 21:30:51 GMT" time="0.000" errors="0">
  <testcase name="test3" time="0.000" classname="com.amazon.qa.testcases.SearchPageTest"/>
</testsuite> <!-- com.amazon.qa.testcases.SearchPageTest -->
